[    0.000000] Linux version 4.15.0-72-generic (buildd@lcy01-amd64-026) (gcc version 7.4.0 (Ubuntu 7.4.0-1ubuntu1~18.04.1)) #81-Ubuntu SMP Tue Nov 26 12:20:02 UTC 2019 (Ubuntu 4.15.0-72.81-generic 4.15.18)
[    0.000000] Command line: BOOT_IMAGE=/boot/vmlinuz-4.15.0-72-generic root=LABEL=cloudimg-rootfs ro console=tty1 console=ttyS0
[    0.000000] KERNEL supported cpus:
[    0.000000]   Intel GenuineIntel
[    0.000000]   AMD AuthenticAMD
[    0.000000]   Centaur CentaurHauls
[    0.000000] ------------[ cut here ]------------
[    0.000000] XSAVE consistency problem, dumping leaves
[    0.000000] WARNING: CPU: 0 PID: 0 at /build/linux-E6MDAa/linux-4.15.0/arch/x86/kernel/fpu/xstate.c:614 do_extra_xstate_size_checks+0x303/0x3ee
[    0.000000] Modules linked in:
[    0.000000] CPU: 0 PID: 0 Comm: swapper Not tainted 4.15.0-72-generic #81-Ubuntu
[    0.000000] RIP: 0010:do_extra_xstate_size_checks+0x303/0x3ee
[    0.000000] RSP: 0000:ffffffff9e003d50 EFLAGS: 00010086 ORIG_RAX: 0000000000000000
[    0.000000] RAX: 0000000000000000 RBX: 000000000000000a RCX: ffffffff9e063a28
[    0.000000] RDX: 0000000000000001 RSI: 0000000000000082 RDI: 0000000000000047
[    0.000000] RBP: ffffffff9e003d90 R08: 0000000000000007 R09: ffffffff9e55bc20
[    0.000000] R10: ffffffff9e25c400 R11: 69706d7564202c6d R12: 0000000000000100
[    0.000000] R13: 0000000000000340 R14: ffffffff9e003d54 R15: ffffffff9e003d50
[    0.000000] FS:  0000000000000000(0000) GS:ffffffff9e280000(0000) knlGS:0000000000000000
[    0.000000] CS:  0010 DS: 0000 ES: 0000 CR0: 0000000080050033
[    0.000000] CR2: ffff88800008a000 CR3: 000000001d722000 CR4: 00000000000406a0
[    0.000000] Call Trace:
[    0.000000]  fpu__init_system_xstate+0x183/0x4aa
[    0.000000]  fpu__init_system+0x213/0x265
[    0.000000]  ? early_init_intel+0x130/0x450
[    0.000000]  early_cpu_init+0x2cc/0x2d3
[    0.000000]  ? 0xffffffff9cc00000
[    0.000000]  setup_arch+0xcb/0xc82
[    0.000000]  ? printk+0x52/0x6e
[    0.000000]  start_kernel+0x6d/0x4fd
[    0.000000]  x86_64_start_reservations+0x24/0x26
[    0.000000]  x86_64_start_kernel+0x74/0x77
[    0.000000]  secondary_startup_64+0xa5/0xb0
[    0.000000] Code: ff ff 44 3b 2d 55 9c 8b 01 0f 84 d5 00 00 00 80 3d 72 52 5d 01 00 75 29 48 c7 c7 f8 9c cb 9d c6 05 62 52 5d 01 01 e8 cb 2b 05 00 <0f> 0b eb 12 83 3d f0 02 3f 01 00 0f 84 af fe ff ff e9 a5 fe ff 
[    0.000000] random: get_random_bytes called from print_oops_end_marker+0x3f/0x60 with crng_init=0
[    0.000000] ---[ end trace 2eccb50f3da48851 ]---
[    0.000000] CPUID[0d, 00]: eax=00000007 ebx=00000440 ecx=00000440 edx=00000000
[    0.000000] CPUID[0d, 01]: eax=00000000 ebx=000003c0 ecx=00000000 edx=00000000
[    0.000000] CPUID[0d, 02]: eax=00000100 ebx=00000240 ecx=00000000 edx=00000000
[    0.000000] CPUID[0d, 03]: eax=00000000 ebx=00000000 ecx=00000000 edx=00000000
[    0.000000] CPUID[0d, 04]: eax=00000000 ebx=00000000 ecx=00000000 edx=00000000
[    0.000000] CPUID[0d, 05]: eax=00000000 ebx=00000000 ecx=00000000 edx=00000000
[    0.000000] CPUID[0d, 06]: eax=00000000 ebx=00000000 ecx=00000000 edx=00000000
[    0.000000] CPUID[0d, 07]: eax=00000000 ebx=00000000 ecx=00000000 edx=00000000
[    0.000000] CPUID[0d, 08]: eax=00000000 ebx=00000000 ecx=00000000 edx=00000000
[    0.000000] CPUID[0d, 09]: eax=00000000 ebx=00000000 ecx=00000000 edx=00000000
[    0.000000] CPUID[0d, 0a]: eax=00000000 ebx=00000000 ecx=00000000 edx=00000000
[    0.000000] CPUID[0d, 0b]: eax=00000000 ebx=00000000 ecx=00000000 edx=00000000
[    0.000000] CPUID[0d, 0c]: eax=00000000 ebx=00000000 ecx=00000000 edx=00000000
[    0.000000] CPUID[0d, 0d]: eax=00000000 ebx=00000000 ecx=00000000 edx=00000000
[    0.000000] CPUID[0d, 0e]: eax=00000000 ebx=00000000 ecx=00000000 edx=00000000
[    0.000000] CPUID[0d, 0f]: eax=00000000 ebx=00000000 ecx=00000000 edx=00000000
[    0.000000] CPUID[0d, 10]: eax=00000000 ebx=00000000 ecx=00000000 edx=00000000
[    0.000000] CPUID[0d, 11]: eax=00000000 ebx=00000000 ecx=00000000 edx=00000000
[    0.000000] CPUID[0d, 12]: eax=00000000 ebx=00000000 ecx=00000000 edx=00000000
[    0.000000] CPUID[0d, 13]: eax=00000000 ebx=00000000 ecx=00000000 edx=00000000
[    0.000000] x86/fpu: Supporting XSAVE feature 0x001: 'x87 floating point registers'
[    0.000000] x86/fpu: Supporting XSAVE feature 0x002: 'SSE registers'
[    0.000000] x86/fpu: Supporting XSAVE feature 0x004: 'AVX registers'
[    0.000000] x86/fpu: xstate_offset[2]:  576, xstate_sizes[2]:  256
[    0.000000] x86/fpu: Enabled xstate features 0x7, context size is 1088 bytes, using 'standard' format.
[    0.000000] e820: BIOS-provided physical RAM map:
[    0.000000] BIOS-e820: [mem 0x0000000000000000-0x000000000009fbff] usable
[    0.000000] BIOS-e820: [mem 0x000000000009fc00-0x000000000009ffff] reserved
[    0.000000] BIOS-e820: [mem 0x00000000000f0000-0x00000000000fffff] reserved
[    0.000000] BIOS-e820: [mem 0x0000000000100000-0x000000003ffeffff] usable
[    0.000000] BIOS-e820: [mem 0x000000003fff0000-0x000000003fffffff] ACPI data
[    0.000000] BIOS-e820: [mem 0x00000000fec00000-0x00000000fec00fff] reserved
[    0.000000] BIOS-e820: [mem 0x00000000fee00000-0x00000000fee00fff] reserved
[    0.000000] BIOS-e820: [mem 0x00000000fffc0000-0x00000000ffffffff] reserved
[    0.000000] NX (Execute Disable) protection: active
[    0.000000] SMBIOS 2.5 present.
[    0.000000] DMI: innotek GmbH VirtualBox/VirtualBox, BIOS VirtualBox 12/01/2006
[    0.000000] Hypervisor detected: KVM
[    0.000000] e820: last_pfn = 0x3fff0 max_arch_pfn = 0x400000000
[    0.000000] MTRR: Disabled
[    0.000000] x86/PAT: MTRRs disabled, skipping PAT initialization too.
[    0.000000] CPU MTRRs all blank - virtualized system.
[    0.000000] x86/PAT: Configuration [0-7]: WB  WT  UC- UC  WB  WT  UC- UC  
[    0.000000] found SMP MP-table at [mem 0x0009fff0-0x0009ffff]
[    0.000000] Scanning 1 areas for low memory corruption
[    0.000000] RAMDISK: [mem 0x35a6d000-0x36d2dfff]
[    0.000000] ACPI: Early table checksum verification disabled
[    0.000000] ACPI: RSDP 0x00000000000E0000 000024 (v02 VBOX  )
[    0.000000] ACPI: XSDT 0x000000003FFF0030 00003C (v01 VBOX   VBOXXSDT 00000001 ASL  00000061)
[    0.000000] ACPI: FACP 0x000000003FFF00F0 0000F4 (v04 VBOX   VBOXFACP 00000001 ASL  00000061)
[    0.000000] ACPI: DSDT 0x000000003FFF0470 0021FF (v02 VBOX   VBOXBIOS 00000002 INTL 20160108)
[    0.000000] ACPI: FACS 0x000000003FFF0200 000040
[    0.000000] ACPI: FACS 0x000000003FFF0200 000040
[    0.000000] ACPI: APIC 0x000000003FFF0240 00005C (v02 VBOX   VBOXAPIC 00000001 ASL  00000061)
[    0.000000] ACPI: SSDT 0x000000003FFF02A0 0001CC (v01 VBOX   VBOXCPUT 00000002 INTL 20160108)
[    0.000000] No NUMA configuration found
[    0.000000] Faking a node at [mem 0x0000000000000000-0x000000003ffeffff]
[    0.000000] NODE_DATA(0) allocated [mem 0x3ffc5000-0x3ffeffff]
[    0.000000] kvm-clock: cpu 0, msr 0:3ff44001, primary cpu clock
[    0.000000] kvm-clock: Using msrs 4b564d01 and 4b564d00
[    0.000000] kvm-clock: using sched offset of 4336074223 cycles
[    0.000000] clocksource: kvm-clock: mask: 0xffffffffffffffff max_cycles: 0x1cd42e4dffb, max_idle_ns: 881590591483 ns
[    0.000000] Zone ranges:
[    0.000000]   DMA      [mem 0x0000000000001000-0x0000000000ffffff]
[    0.000000]   DMA32    [mem 0x0000000001000000-0x000000003ffeffff]
[    0.000000]   Normal   empty
[    0.000000]   Device   empty
[    0.000000] Movable zone start for each node
[    0.000000] Early memory node ranges
[    0.000000]   node   0: [mem 0x0000000000001000-0x000000000009efff]
[    0.000000]   node   0: [mem 0x0000000000100000-0x000000003ffeffff]
[    0.000000] Reserved but unavailable: 98 pages
[    0.000000] Initmem setup node 0 [mem 0x0000000000001000-0x000000003ffeffff]
[    0.000000] ACPI: PM-Timer IO Port: 0x4008
[    0.000000] IOAPIC[0]: apic_id 2, version 32, address 0xfec00000, GSI 0-23
[    0.000000] ACPI: INT_SRC_OVR (bus 0 bus_irq 0 global_irq 2 dfl dfl)
[    0.000000] ACPI: INT_SRC_OVR (bus 0 bus_irq 9 global_irq 9 high level)
[    0.000000] Using ACPI (MADT) for SMP configuration information
[    0.000000] smpboot: Allowing 2 CPUs, 0 hotplug CPUs
[    0.000000] PM: Registered nosave memory: [mem 0x00000000-0x00000fff]
[    0.000000] PM: Registered nosave memory: [mem 0x0009f000-0x0009ffff]
[    0.000000] PM: Registered nosave memory: [mem 0x000a0000-0x000effff]
[    0.000000] PM: Registered nosave memory: [mem 0x000f0000-0x000fffff]
[    0.000000] e820: [mem 0x40000000-0xfebfffff] available for PCI devices
[    0.000000] Booting paravirtualized kernel on KVM
[    0.000000] clocksource: refined-jiffies: mask: 0xffffffff max_cycles: 0xffffffff, max_idle_ns: 7645519600211568 ns
[    0.000000] setup_percpu: NR_CPUS:8192 nr_cpumask_bits:2 nr_cpu_ids:2 nr_node_ids:1
[    0.000000] percpu: Embedded 45 pages/cpu s147456 r8192 d28672 u1048576
[    0.000000] PV qspinlock hash table entries: 256 (order: 0, 4096 bytes)
[    0.000000] Built 1 zonelists, mobility grouping on.  Total pages: 257913
[    0.000000] Policy zone: DMA32
[    0.000000] Kernel command line: BOOT_IMAGE=/boot/vmlinuz-4.15.0-72-generic root=LABEL=cloudimg-rootfs ro console=tty1 console=ttyS0
[    0.000000] Memory: 983392K/1048120K available (12300K kernel code, 2481K rwdata, 4264K rodata, 2428K init, 2388K bss, 64728K reserved, 0K cma-reserved)
[    0.000000] SLUB: HWalign=64, Order=0-3, MinObjects=0, CPUs=2, Nodes=1
[    0.000000] Kernel/User page tables isolation: enabled
[    0.000000] ftrace: allocating 39318 entries in 154 pages
[    0.004000] Hierarchical RCU implementation.
[    0.004000] 	RCU restricting CPUs from NR_CPUS=8192 to nr_cpu_ids=2.
[    0.004000] 	Tasks RCU enabled.
[    0.004000] RCU: Adjusting geometry for rcu_fanout_leaf=16, nr_cpu_ids=2
[    0.004000] NR_IRQS: 524544, nr_irqs: 440, preallocated irqs: 16
[    0.004000] Console: colour VGA+ 80x25
[    0.004000] console [tty1] enabled
[    0.004000] console [ttyS0] enabled
[    0.004000] ACPI: Core revision 20170831
[    0.004000] ACPI: 2 ACPI AML tables successfully acquired and loaded
[    0.004000] APIC: Switch to symmetric I/O mode setup
[    0.004304] x2apic enabled
[    0.006454] Switched APIC routing to physical x2apic.
[    0.009137] ..TIMER: vector=0x30 apic1=0 pin1=2 apic2=-1 pin2=-1
[    0.012007] tsc: Detected 1991.999 MHz processor
[    0.016015] Calibrating delay loop (skipped) preset value.. 3983.99 BogoMIPS (lpj=7967996)
[    0.020009] pid_max: default: 32768 minimum: 301
[    0.024069] Security Framework initialized
[    0.028009] Yama: becoming mindful.
[    0.032049] AppArmor: AppArmor initialized
[    0.036701] Dentry cache hash table entries: 131072 (order: 8, 1048576 bytes)
[    0.040108] Inode-cache hash table entries: 65536 (order: 7, 524288 bytes)
[    0.044039] Mount-cache hash table entries: 2048 (order: 2, 16384 bytes)
[    0.048021] Mountpoint-cache hash table entries: 2048 (order: 2, 16384 bytes)
[    0.052286] Last level iTLB entries: 4KB 64, 2MB 8, 4MB 8
[    0.056008] Last level dTLB entries: 4KB 64, 2MB 0, 4MB 0, 1GB 4
[    0.060008] Spectre V1 : Mitigation: usercopy/swapgs barriers and __user pointer sanitization
[    0.064005] Spectre V2 : Mitigation: Full generic retpoline
[    0.068004] Spectre V2 : Spectre v2 / SpectreRSB mitigation: Filling RSB on context switch
[    0.070004] Speculative Store Bypass: Vulnerable
[    0.072064] MDS: Vulnerable: Clear CPU buffers attempted, no microcode
[    0.073866] Freeing SMP alternatives memory: 36K
[    0.186530] smpboot: CPU0: Intel(R) Core(TM) i7-8550U CPU @ 1.80GHz (family: 0x6, model: 0x8e, stepping: 0xa)
[    0.188133] Performance Events: unsupported p6 CPU model 142 no PMU driver, software events only.
[    0.192056] Hierarchical SRCU implementation.
[    0.194208] NMI watchdog: Perf event create on CPU 0 failed with -2
[    0.196003] NMI watchdog: Perf NMI watchdog permanently disabled
[    0.197515] smp: Bringing up secondary CPUs ...
[    0.200187] x86: Booting SMP configuration:
[    0.204010] .... node  #0, CPUs:      #1
[    0.004000] kvm-clock: cpu 1, msr 0:3ff44041, secondary cpu clock
[    0.546192] smp: Brought up 1 node, 2 CPUs
[    0.548014] smpboot: Max logical packages: 1
[    0.549059] smpboot: Total of 2 processors activated (7967.99 BogoMIPS)
[    0.552218] devtmpfs: initialized
[    0.552935] x86/mm: Memory block size: 128MB
[    0.554212] evm: security.selinux
[    0.556005] evm: security.SMACK64
[    0.556846] evm: security.SMACK64EXEC
[    0.557754] evm: security.SMACK64TRANSMUTE
[    0.558747] evm: security.SMACK64MMAP
[    0.560004] evm: security.apparmor
[    0.564004] evm: security.ima
[    0.564801] evm: security.capability
[    0.565758] clocksource: jiffies: mask: 0xffffffff max_cycles: 0xffffffff, max_idle_ns: 7645041785100000 ns
[    0.568020] futex hash table entries: 512 (order: 3, 32768 bytes)
[    0.570106] pinctrl core: initialized pinctrl subsystem
[    0.572161] RTC time: 21:07:40, date: 01/01/20
[    0.573475] NET: Registered protocol family 16
[    0.574675] audit: initializing netlink subsys (disabled)
[    0.576039] audit: type=2000 audit(1577912854.672:1): state=initialized audit_enabled=0 res=1
[    0.576203] cpuidle: using governor ladder
[    0.577011] cpuidle: using governor menu
[    0.580044] ACPI: bus type PCI registered
[    0.580749] acpiphp: ACPI Hot Plug PCI Controller Driver version: 0.5
[    0.581921] PCI: Using configuration type 1 for base access
[    0.584708] HugeTLB registered 2.00 MiB page size, pre-allocated 0 pages
[    0.592157] ACPI: Added _OSI(Module Device)
[    0.596031] ACPI: Added _OSI(Processor Device)
[    0.600010] ACPI: Added _OSI(3.0 _SCP Extensions)
[    0.604009] ACPI: Added _OSI(Processor Aggregator Device)
[    0.608018] ACPI: Added _OSI(Linux-Dell-Video)
[    0.612018] ACPI: Added _OSI(Linux-Lenovo-NV-HDMI-Audio)
[    0.613108] ACPI: Added _OSI(Linux-HPI-Hybrid-Graphics)
[    0.614478] ACPI: Executed 1 blocks of module-level executable AML code
[    0.623518] ACPI: Interpreter enabled
[    0.624031] ACPI: (supports S0 S5)
[    0.628007] ACPI: Using IOAPIC for interrupt routing
[    0.632299] PCI: Using host bridge windows from ACPI; if necessary, use "pci=nocrs" and report a bug
[    0.636195] ACPI: Enabled 2 GPEs in block 00 to 07
[    0.648048] ACPI: PCI Root Bridge [PCI0] (domain 0000 [bus 00-ff])
[    0.652021] acpi PNP0A03:00: _OSC: OS supports [ASPM ClockPM Segments MSI]
[    0.656064] acpi PNP0A03:00: _OSC: not requesting OS control; OS requires [ExtendedConfig ASPM ClockPM MSI]
[    0.660028] acpi PNP0A03:00: fail to add MMCONFIG information, can't access extended PCI configuration space under this bridge.
[    0.664378] PCI host bridge to bus 0000:00
[    0.668005] pci_bus 0000:00: root bus resource [io  0x0000-0x0cf7 window]
[    0.669019] pci_bus 0000:00: root bus resource [io  0x0d00-0xffff window]
[    0.672002] pci_bus 0000:00: root bus resource [mem 0x000a0000-0x000bffff window]
[    0.673168] pci_bus 0000:00: root bus resource [mem 0x40000000-0xffdfffff window]
[    0.674336] pci_bus 0000:00: root bus resource [bus 00-ff]
[    0.677691] pci 0000:00:01.1: legacy IDE quirk: reg 0x10: [io  0x01f0-0x01f7]
[    0.680010] pci 0000:00:01.1: legacy IDE quirk: reg 0x14: [io  0x03f6]
[    0.684009] pci 0000:00:01.1: legacy IDE quirk: reg 0x18: [io  0x0170-0x0177]
[    0.688009] pci 0000:00:01.1: legacy IDE quirk: reg 0x1c: [io  0x0376]
[    0.710031] pci 0000:00:07.0: quirk: [io  0x4000-0x403f] claimed by PIIX4 ACPI
[    0.712029] pci 0000:00:07.0: quirk: [io  0x4100-0x410f] claimed by PIIX4 SMB
[    0.723255] ACPI: PCI Interrupt Link [LNKA] (IRQs 5 9 10 *11)
[    0.724398] ACPI: PCI Interrupt Link [LNKB] (IRQs 5 9 10 *11)
[    0.728162] ACPI: PCI Interrupt Link [LNKC] (IRQs 5 9 *10 11)
[    0.732179] ACPI: PCI Interrupt Link [LNKD] (IRQs 5 *9 10 11)
[    0.736480] SCSI subsystem initialized
[    0.740082] pci 0000:00:02.0: vgaarb: setting as boot VGA device
[    0.740961] pci 0000:00:02.0: vgaarb: VGA device added: decodes=io+mem,owns=io+mem,locks=none
[    0.744007] pci 0000:00:02.0: vgaarb: bridge control possible
[    0.744885] vgaarb: loaded
[    0.745403] ACPI: bus type USB registered
[    0.746072] usbcore: registered new interface driver usbfs
[    0.746934] usbcore: registered new interface driver hub
[    0.748020] usbcore: registered new device driver usb
[    0.748860] EDAC MC: Ver: 3.0.0
[    0.748860] PCI: Using ACPI for IRQ routing
[    0.752302] NetLabel: Initializing
[    0.756006] NetLabel:  domain hash size = 128
[    0.760005] NetLabel:  protocols = UNLABELED CIPSOv4 CALIPSO
[    0.764032] NetLabel:  unlabeled traffic allowed by default
[    0.764995] clocksource: Switched to clocksource kvm-clock
[    0.775945] VFS: Disk quotas dquot_6.6.0
[    0.884810] VFS: Dquot-cache hash table entries: 512 (order 0, 4096 bytes)
[    1.028154] AppArmor: AppArmor Filesystem Enabled
[    1.162733] pnp: PnP ACPI init
[    1.258211] pnp: PnP ACPI: found 3 devices
[    1.376291] clocksource: acpi_pm: mask: 0xffffff max_cycles: 0xffffff, max_idle_ns: 2085701024 ns
[    1.578150] NET: Registered protocol family 2
[    1.673845] TCP established hash table entries: 8192 (order: 4, 65536 bytes)
[    1.862061] TCP bind hash table entries: 8192 (order: 5, 131072 bytes)
[    1.976501] TCP: Hash tables configured (established 8192 bind 8192)
[    2.119649] UDP hash table entries: 512 (order: 2, 16384 bytes)
[    2.265505] UDP-Lite hash table entries: 512 (order: 2, 16384 bytes)
[    2.453646] NET: Registered protocol family 1
[    2.581607] pci 0000:00:00.0: Limiting direct PCI/PCI transfers
[    2.743226] pci 0000:00:01.0: Activating ISA DMA hang workarounds
[    2.907541] pci 0000:00:02.0: Video device with shadowed ROM at [mem 0x000c0000-0x000dffff]
[    3.137829] Unpacking initramfs...
[    3.519997] Freeing initrd memory: 19204K
[    3.629060] clocksource: tsc: mask: 0xffffffffffffffff max_cycles: 0x396d4ffc055, max_idle_ns: 881590662783 ns
[    3.874605] platform rtc_cmos: registered platform RTC device (no PNP device found)
[    4.047988] Scanning for low memory corruption every 60 seconds
[    4.179595] Initialise system trusted keyrings
[    4.190117] Key type blacklist registered
[    4.191195] workingset: timestamp_bits=36 max_order=18 bucket_order=0
[    4.194452] zbud: loaded
[    4.195975] squashfs: version 4.0 (2009/01/31) Phillip Lougher
[    4.197680] fuse init (API version 7.26)
[    4.201420] Key type asymmetric registered
[    4.272798] Asymmetric key parser 'x509' registered
[    4.382623] Block layer SCSI generic (bsg) driver version 0.4 loaded (major 246)
[    4.525088] io scheduler noop registered
[    4.644113] io scheduler deadline registered
[    4.734789] io scheduler cfq registered (default)
[    4.863632] ACPI: AC Adapter [AC] (on-line)
[    4.956395] input: Power Button as /devices/LNXSYSTM:00/LNXPWRBN:00/input/input0
[    5.137809] ACPI: Power Button [PWRF]
[    5.198296] input: Sleep Button as /devices/LNXSYSTM:00/LNXSLPBN:00/input/input1
[    5.301562] ACPI: Sleep Button [SLPF]
[    5.376763] Serial: 8250/16550 driver, 32 ports, IRQ sharing enabled
[    5.377655] ACPI: Battery Slot [BAT0] (battery present)
[    6.025514] 00:02: ttyS0 at I/O 0x3f8 (irq = 4, base_baud = 115200) is a 16550A
[    6.177803] Linux agpgart interface v0.103
[    6.295759] loop: module loaded
[    6.331158] scsi host0: ata_piix
[    6.369859] scsi host1: ata_piix
[    6.411354] ata1: PATA max UDMA/33 cmd 0x1f0 ctl 0x3f6 bmdma 0xd000 irq 14
[    6.559582] ata2: PATA max UDMA/33 cmd 0x170 ctl 0x376 bmdma 0xd008 irq 15
[    6.748266] libphy: Fixed MDIO Bus: probed
[    6.860599] tun: Universal TUN/TAP device driver, 1.6
[    6.999069] PPP generic driver version 2.4.2
[    7.003158] ehci_hcd: USB 2.0 'Enhanced' Host Controller (EHCI) Driver
[    7.005632] ehci-pci: EHCI PCI platform driver
[    7.011053] ehci-platform: EHCI generic platform driver
[    7.012036] ohci_hcd: USB 1.1 'Open' Host Controller (OHCI) Driver
[    7.013198] ohci-pci: OHCI PCI platform driver
[    7.014059] ohci-platform: OHCI generic platform driver
[    7.015031] uhci_hcd: USB Universal Host Controller Interface driver
[    7.016281] i8042: PNP: PS/2 Controller [PNP0303:PS2K,PNP0f03:PS2M] at 0x60,0x64 irq 1,12
[    7.023898] serio: i8042 KBD port at 0x60,0x64 irq 1
[    7.341037] serio: i8042 AUX port at 0x60,0x64 irq 12
[    7.413089] mousedev: PS/2 mouse device common for all mice
[    7.793096] input: AT Translated Set 2 keyboard as /devices/platform/i8042/serio0/input/input2
[    7.802789] rtc_cmos rtc_cmos: rtc core: registered rtc_cmos as rtc0
[    8.605683] rtc_cmos rtc_cmos: alarms up to one day, 114 bytes nvram
[    8.631486] i2c /dev entries driver
[    8.632453] device-mapper: uevent: version 1.0.3
[    8.648026] device-mapper: ioctl: 4.37.0-ioctl (2017-09-20) initialised: dm-devel@redhat.com
[    8.728728] ledtrig-cpu: registered to indicate activity on CPUs
[    8.813487] NET: Registered protocol family 10
[    8.927092] Segment Routing with IPv6
[    8.986117] NET: Registered protocol family 17
[    9.080518] Key type dns_resolver registered
[    9.180619] mce: Using 0 MCE banks
[    9.193252] RAS: Correctable Errors collector initialized.
[    9.212842] sched_clock: Marking stable (9212807998, 0)->(23500172972, -14287364974)
[    9.544069] registered taskstats version 1
[    9.577645] Loading compiled-in X.509 certificates
[    9.581209] Loaded X.509 cert 'Build time autogenerated kernel key: f4f7241365689b0cbe3898188e65e316fd8f978d'
[    9.584328] zswap: loaded using pool lzo/zbud
[    9.956578] Key type big_key registered
[   10.342693] Key type trusted registered
[   10.346764] Key type encrypted registered
[   10.349434] AppArmor: AppArmor sha1 policy hashing enabled
[   10.350415] ima: No TPM chip found, activating TPM-bypass! (rc=-19)
[   10.351480] ima: Allocated hash algorithm: sha1
[   10.352320] evm: HMAC attrs: 0x1
[   10.362974]   Magic number: 4:336:145
[   10.363573] ata_port ata2: hash matches
[   10.364153]  ata2: hash matches
[   10.364763] rtc_cmos rtc_cmos: setting system clock to 2020-01-01 21:07:52 UTC (1577912872)
[   10.366118] BIOS EDD facility v0.16 2004-Jun-25, 0 devices found
[   10.366970] EDD information not available.
[   10.370474] Freeing unused kernel image memory: 2428K
[   10.660238] Write protecting the kernel read-only data: 20480k
[   11.223295] Freeing unused kernel image memory: 2008K
[   11.703192] Freeing unused kernel image memory: 1880K
[   11.722283] x86/mm: Checked W+X mappings: passed, no W+X pages found.
[   11.844306] x86/mm: Checking user space page tables
[   11.853264] x86/mm: Checked W+X mappings: passed, no W+X pages found.
Loading, please wait...
starting version 237
[   12.033148] Fusion MPT base driver 3.04.20
[   12.040606] Copyright (c) 1999-2008 LSI Corporation
[   12.063813] e1000: Intel(R) PRO/1000 Network Driver - version 7.3.21-k8-NAPI
[   12.542929] e1000: Copyright (c) 1999-2006 Intel Corporation.
[   12.869675] Fusion MPT SPI Host driver 3.04.20
[   12.891215] AVX version of gcm_enc/dec engaged.
[   12.964590] AES CTR mode by8 optimization enabled
[   13.070631] input: ImExPS/2 Generic Explorer Mouse as /devices/platform/i8042/serio1/input/input4
[   13.291521] e1000 0000:00:03.0 eth0: (PCI:33MHz:32-bit) 02:b7:1f:33:e9:24
[   13.415523] e1000 0000:00:03.0 eth0: Intel(R) PRO/1000 Network Connection
[   13.568112] mptbase: ioc0: Initiating bringup
[   13.703852] e1000 0000:00:03.0 enp0s3: renamed from eth0
[   13.924374] ioc0: LSI53C1030 A0: Capabilities={Initiator}
[   14.541559] scsi host2: ioc0: LSI53C1030 A0, FwRev=00000000h, Ports=1, MaxQ=256, IRQ=20
[   14.960562] scsi 2:0:0:0: Direct-Access     VBOX     HARDDISK         1.0  PQ: 0 ANSI: 5
[   15.004041] scsi target2:0:0: Beginning Domain Validation
[   15.476161] scsi target2:0:0: Domain Validation skipping write tests
[   15.773088] scsi target2:0:0: Ending Domain Validation
[   15.962541] scsi target2:0:0: asynchronous
[   16.003942] scsi 2:0:1:0: Direct-Access     VBOX     HARDDISK         1.0  PQ: 0 ANSI: 5
[   16.148581] scsi target2:0:1: Beginning Domain Validation
[   16.553446] random: fast init done
[   16.639326] scsi target2:0:1: Domain Validation skipping write tests
[   17.152916] scsi target2:0:1: Ending Domain Validation
[   17.532886] scsi target2:0:1: asynchronous
[   17.556658] random: systemd-udevd: uninitialized urandom read (16 bytes read)
[   17.556738] sd 2:0:0:0: Attached scsi generic sg0 type 0
[   18.262506] random: systemd-udevd: uninitialized urandom read (16 bytes read)
[   18.542746] sd 2:0:1:0: Attached scsi generic sg1 type 0
[   19.303010] random: systemd-udevd: uninitialized urandom read (16 bytes read)
[   19.454667] random: systemd-udevd: uninitialized urandom read (16 bytes read)
[   19.604715] random: systemd-udevd: uninitialized urandom read (16 bytes read)
[   19.604768] sd 2:0:0:0: [sda] 20971520 512-byte logical blocks: (10.7 GB/10.0 GiB)
[   20.127040] sd 2:0:1:0: [sdb] 20480 512-byte logical blocks: (10.5 MB/10.0 MiB)
[   20.128071] sd 2:0:0:0: [sda] Write Protect is off
[   20.129662] sd 2:0:1:0: [sdb] Write Protect is off
[   20.129854] sd 2:0:0:0: [sda] Incomplete mode parameter data
[   20.131812] sd 2:0:0:0: [sda] Assuming drive cache: write through
[   20.133131] sd 2:0:1:0: [sdb] Incomplete mode parameter data
[   20.358738] sd 2:0:1:0: [sdb] Assuming drive cache: write through
[   20.361059]  sda: sda1
[   20.393447] sd 2:0:0:0: [sda] Attached SCSI disk
[   20.511281] sd 2:0:1:0: [sdb] Attached SCSI disk
Begin: Loading e[   22.342565] raid6: sse2x1   gen() 15204 MB/s
ssential drivers[   22.682644] raid6: sse2x1   xor() 10164 MB/s
 ... [   23.188251] raid6: sse2x2   gen() 12571 MB/s
[   23.466070] raid6: sse2x2   xor()  8402 MB/s
[   23.612569] raid6: sse2x4   gen() 12371 MB/s
[   23.912603] raid6: sse2x4   xor()  9672 MB/s
[   24.272777] raid6: using algorithm sse2x1 gen() 15204 MB/s
[   24.473232] raid6: .... xor() 10164 MB/s, rmw enabled
[   24.474137] raid6: using ssse3x2 recovery algorithm
[   24.476335] xor: automatically using best checksumming function   avx       
[   24.646022] async_tx: api initialized (async)
done.
Begin: Running /scripts/init-premount ... done.
Begin: Mounting root file system ... Begin: Running /scripts/local-top ... done.
Begin: Running /scripts/local-premount ... [   24.755656] Btrfs loaded, crc32c=crc32c-intel
Scanning for Btrfs filesystems
done.
Warning: fsck no[   24.868955] EXT4-fs (sda1): mounted filesystem with ordered data mode. Opts: (null)
t present, so skipping root file system
done.
Begin: Running /scripts/local-bottom ... done.
Begin: Running /scripts/init-bottom ... done.
[   26.974503] ip_tables: (C) 2000-2006 Netfilter Core Team
[   27.111074] random: crng init done
[   27.166653] random: 5 urandom warning(s) missed due to ratelimiting
[   27.565094] systemd[1]: systemd 237 running in system mode. (+PAM +AUDIT +SELINUX +IMA +APPARMOR +SMACK +SYSVINIT +UTMP +LIBCRYPTSETUP +GCRYPT +GNUTLS +ACL +XZ +LZ4 +SECCOMP +BLKID +ELFUTILS +KMOD -IDN2 +IDN -PCRE2 default-hierarchy=hybrid)
[   27.995730] systemd[1]: Detected virtualization oracle.
[   28.112980] systemd[1]: Detected architecture x86-64.

Welcome to [1mUbuntu 18.04.3 LTS[0m!

[   28.237862] systemd[1]: Set hostname to <ubuntu-bionic>.
[   31.488699] systemd[1]: Reached target User and Group Name Lookups.
[[0;32m  OK  [0m] Reached target User and Group Name Lookups.
[   31.651497] systemd[1]: Reached target System Time Synchronized.
[[0;32m  OK  [0m] Reached target System Time Synchronized.
[   31.653997] systemd[1]: Created slice System Slice.
[[0;32m  OK  [0m] Created slice System Slice.
[   31.816358] systemd[1]: Listening on Journal Socket.
[[0;32m  OK  [0m] Listening on Journal Socket.
[   31.956422] systemd[1]: Listening on Device-mapper event daemon FIFOs.
[[0;32m  OK  [0m] Listening on Device-mapper event daemon FIFOs.
[   32.097847] systemd[1]: Mounting Huge Pages File System...
         Mounting Huge Pages File System...
[[0;32m  OK  [0m] Listening on udev Kernel Socket.
         Starting Set the console keyboard layout...
         Starting Uncomplicated firewall...
[[0;32m  OK  [0m] Listening on LVM2 metadata daemon socket.
         Starting Monitoring of LVM2 mirrors…ng dmeventd or progress polling...
         Mounting POSIX Message Queue File System...
[[0;32m  OK  [0m] Listening on LVM2 poll daemon socket.
[[0;32m  OK  [0m] Listening on Network Service Netlink Socket.
[[0;32m  OK  [0m] Listening on /dev/initctl Compatibility Named Pipe.
[[0;32m  OK  [0m] Started Forward Password Requests to Wall Directory Watch.
[[0;32m  OK  [0m] Listening on Syslog Socket.
[   32.581793] systemd[1]: Created slice system-serial\x2dgetty.slice.
[[0;32m  OK  [0m] Created slice system-serial\x2dgetty.slice.
[   32.819617] systemd[1]: Starting Remount Root and Kernel File Systems...
         Startin[   32.952302] EXT4-fs (sda1): re-mounted. Opts: (null)
g Remount Root and Kernel File Systems...
[   33.173707] systemd[1]: Reached target Swap.
[[0;32m  OK  [0m] Reached target Swap.
[   33.174916] systemd[1]: Listening on udev Control Socket.
[[0;32m  OK  [0m] Listening on udev Control Socket.
[   33.176821] systemd[1]: Mounting Kernel Debug File System...
         Mounting Kernel Debug File System...
[   33.245127] systemd[1]: Starting udev Coldplug all Devices...
         Starting udev Coldplug all Devices...
[   33.364626] systemd[1]: Created slice User and Session Slice.
[[0;32m  OK  [0m] Created slice User and Session Slice.
[   33.536143] systemd[1]: Reached target Slices.
[[0;32m  OK  [0m] Reached target Slices.
[   33.684299] systemd[1]: Starting Load Kernel Modules...
         Starting Load Kernel Modules...
[   33.836213] systemd[1]: Listening on Journal Socket (/dev/log).
[[0;32m  OK  [0m] Listening on[   34.021024] Loading iSCSI transport class v2.0-870.
 Journal Socket (/dev/log).
[[0;32m  OK  [0m] Set up automount Arbitrary Executab…rmats File System Automount Point.
[   34.173580] iscsi: registered transport (tcp)
         Starting Create list of required st…ce nodes for the current kernel...
[[0;32m  OK  [0m] Listening on Journal Audit Socket.
         Starting Journal Service...
[   34.628617] iscsi: registered transport (iser)
[[0;32m  OK  [0m] Mounted Huge Pages File System.
[[0;32m  OK  [0m] Started Set the console keyboard layout.
[[0;32m  OK  [0m] Started Uncomplicated firewall.
[[0;32m  OK  [0m] Mounted POSIX Message Queue File System.
[[0;32m  OK  [0m] Started Remount Root and Kernel File Systems.
[[0;32m  OK  [0m] Started Journal Service.
[[0;32m  OK  [0m] Mounted Kernel Debug File System.
[[0;32m  OK  [0m] Started Load Kernel Modules.
[[0;32m  OK  [0m] Started Create list of required sta…vice nodes for the current kernel.
[[0;32m  OK  [0m] Started udev Coldplug all Devices.
[[0;32m  OK  [0m] Started LVM2 metadata daemon.
         Starting Create Static Device Nodes in /dev...
         Mounting Kernel Configuration File System...
         Mounting FUSE Control File System...
         Starting Apply Kernel Variables...
         Starting Load/Save Random Seed...
         Starting Flush Journal to Persistent Storage...
[[0;32m  OK  [0m] Started Monitoring of LVM2 mirrors,…sing dmeventd or progress polling.
[[0;32m  OK  [0m] Mounted Kernel Configuration File System.
[[0;32m  OK  [0m] Mounted FUSE Control File System.
[[0;32m  OK  [0m] Started Apply Kernel Variables.
[[0;32m  OK  [0m] Started Create Static Device Nodes in /dev.
[[0;32m  OK  [0m] Started Load/Save Random Seed.
         Starting udev Kernel Device Manager...
[[0;32m  OK  [0m] Reached target Local File Systems (Pre).
[[0;32m  OK  [0m] Reached target Local File Systems.
         Starting AppArmor initialization...
         Starting Tell Plymouth To Write Out Runtime Data...
         Starting Set console font and keymap...
         Starting ebtables ruleset management...
[[0;32m  OK  [0m] Started udev Kernel Device Manager.
[[0;32m  OK  [0m] Started Dispatch Password Requests to Console Directory Watch.
[[0;32m  OK  [0m] Reached target Local Encrypted Volumes.
[[0;32m  OK  [0m] Started Set console font and keymap.
[[0;32m  OK  [0m] Started Tell Plymouth To Write Out Runtime Data.
[[0;32m  OK  [0m] Found device /dev/ttyS0.
[[0;32m  OK  [0m] Started ebtables ruleset management.
[[0;32m  OK  [0m] Listening on Load/Save RF Kill Switch Status /dev/rfkill Watch.
[[0;32m  OK  [0m] Started Flush Journal to Persistent Storage.
         Starting Create Volatile Files and Directories...
[[0;32m  OK  [0m] Started Create Volatile Files and Directories.
         Starting Update UTMP about System Boot/Shutdown...
[[0;32m  OK  [0m] Started Update UTMP about System Boot/Shutdown.
[[0;32m  OK  [0m] Started AppArmor initialization.
         Starting Initial cloud-init job (pre-networking)...
[   44.358133] cloud-init[594]: Cloud-init v. 19.3-41-gc4735dd3-0ubuntu1~18.04.1 running 'init-local' at Wed, 01 Jan 2020 21:08:25 +0000. Up 43.62 seconds.
[[0;32m  OK  [0m] Started Initial cloud-init job (pre-networking).
[[0;32m  OK  [0m] Reached target Network (Pre).
         Starting Network Service...
[[0;32m  OK  [0m] Started Network Service.
         Starting Wait for Network to be Configured...
         Starting Network Name Resolution...
[[0;32m  OK  [0m] Started Network Name Resolution.
[[0;32m  OK  [0m] Reached target Host and Network Name Lookups.
[[0;32m  OK  [0m] Reached target Network.
[[0;32m  OK  [0m] Started Wait for Network to be Configured.
         Starting Initial cloud-init job (metadata service crawler)...
[   46.566539] cloud-init[719]: Cloud-init v. 19.3-41-gc4735dd3-0ubuntu1~18.04.1 running 'init' at Wed, 01 Jan 2020 21:08:28 +0000. Up 46.40 seconds.
[   46.624556] cloud-init[719]: ci-info: ++++++++++++++++++++++++++++++++++++++Net device info++++++++++++++++++++++++++++++++++++++
[   46.693165] cloud-init[719]: ci-info: +--------+------+----------------------------+---------------+--------+-------------------+
[   46.695424] cloud-init[719]: ci-info: | Device |  Up  |          Address           |      Mask     | Scope  |     Hw-Address    |
[   46.696582] cloud-init[719]: ci-info: +--------+------+----------------------------+---------------+--------+-------------------+
[   46.697771] cloud-init[719]: ci-info: | enp0s3 | True |         10.0.2.15          | 255.255.255.0 | global | 02:b7:1f:33:e9:24 |
[   46.698978] cloud-init[719]: ci-info: | enp0s3 | True | fe80::b7:1fff:fe33:e924/64 |       .       |  link  | 02:b7:1f:33:e9:24 |
[   46.736165] cloud-init[719]: ci-info: |   lo   | True |         127.0.0.1          |   255.0.0.0   |  host  |         .         |
[   46.808347] cloud-init[719]: ci-info: |   lo   | True |          ::1/128           |       .       |  host  |         .         |
[   46.810639] cloud-init[719]: ci-info: +--------+------+----------------------------+---------------+--------+-------------------+
[   46.812725] cloud-init[719]: ci-info: ++++++++++++++++++++++++++++Route IPv4 info+++++++++++++++++++++++++++++
[   46.814661] cloud-init[719]: ci-info: +-------+-------------+----------+-----------------+-----------+-------+
[   46.816238] cloud-init[719]: ci-info: | Route | Destination | Gateway  |     Genmask     | Interface | Flags |
[   46.817713] cloud-init[719]: ci-info: +-------+-------------+----------+-----------------+-----------+-------+
[   46.819208] cloud-init[719]: ci-info: |   0   |   0.0.0.0   | 10.0.2.2 |     0.0.0.0     |   enp0s3  |   UG  |
[   46.821605] cloud-init[719]: ci-info: |   1   |   10.0.2.0  | 0.0.0.0  |  255.255.255.0  |   enp0s3  |   U   |
[   46.822958] cloud-init[719]: ci-info: |   2   |   10.0.2.2  | 0.0.0.0  | 255.255.255.255 |   enp0s3  |   UH  |
[   46.825225] cloud-init[719]: ci-info: +-------+-------------+----------+-----------------+-----------+-------+
[   46.826321] cloud-init[719]: ci-info: +++++++++++++++++++Route IPv6 info+++++++++++++++++++
[   46.827221] cloud-init[719]: ci-info: +-------+-------------+---------+-----------+-------+
[   46.828175] cloud-init[719]: ci-info: | Route | Destination | Gateway | Interface | Flags |
[   46.829087] cloud-init[719]: ci-info: +-------+-------------+---------+-----------+-------+
[   46.829957] cloud-init[719]: ci-info: |   1   |  fe80::/64  |    ::   |   enp0s3  |   U   |
[   46.868327] cloud-init[719]: ci-info: |   3   |    local    |    ::   |   enp0s3  |   U   |
[   46.898861] cloud-init[719]: ci-info: |   4   |   ff00::/8  |    ::   |   enp0s3  |   U   |
[   46.899873] cloud-init[719]: ci-info: +-------+-------------+---------+-----------+-------+
[[0;32m  OK  [0m] Started Initial cloud-init job (metadata service crawler).
[[0;32m  OK  [0m] Reached target Cloud-config availability.
[[0;32m  OK  [0m] Reached target System Initialization.
[[0;32m  OK  [0m] Started Message of the Day.
[[0;32m  OK  [0m] Listening on D-Bus System Message Bus Socket.
[[0;32m  OK  [0m] Listening on ACPID Listen Socket.
         Starting LXD - unix socket.
[[0;32m  OK  [0m] Listening on UUID daemon activation socket.
[[0;32m  OK  [0m] Started Daily apt download activities.
[[0;32m  OK  [0m] Started Daily apt upgrade and clean activities.
[[0;32m  OK  [0m] Started Daily Cleanup of Temporary Directories.
[[0;32m  OK  [0m] Started Discard unused blocks once a week.
[[0;32m  OK  [0m] Reached target Timers.
[[0;32m  OK  [0m] Listening on Open-iSCSI iscsid Socket.
[[0;32m  OK  [0m] Started ACPI Events Check.
[[0;32m  OK  [0m] Reached target Paths.
         Starting Socket activation for snappy daemon.
[[0;32m  OK  [0m] Reached target Network is Online.
         Starting Availability of block devices...
[[0;32m  OK  [0m] Reached target Remote File Systems (Pre).
[[0;32m  OK  [0m] Reached target Remote File Systems.
[[0;32m  OK  [0m] Listening on LXD - unix socket.
[[0;32m  OK  [0m] Listening on Socket activation for snappy daemon.
[[0;32m  OK  [0m] Started Availability of block devices.
[[0;32m  OK  [0m] Reached target Sockets.
[[0;32m  OK  [0m] Reached target Basic System.
[[0;32m  OK  [0m] Started irqbalance daemon.
         Starting LSB: Record successful boot for GRUB...
         Starting The Apache HTTP Server...
[[0;32m  OK  [0m] Started Deferred execution scheduler.
         Starting LSB: automatic crash report generation...
         Starting Virtualbox guest utils...
         Starting Login Service...
         Starting System Logging Service...
[[0;32m  OK  [0m] Started D-Bus System Message Bus.
         Starting Dispatcher daemon for systemd-networkd...
[[0;32m  OK  [0m] Started FUSE filesystem for LXC.
         Starting Snappy daemon...
         Starting OpenBSD Secure Shell server...
[[0;32m  OK  [0m] Started Regular background program processing daemon.
         Starting Accounts Service...
         Starting Permit User Sessions...
         Starting LXD - container startup/shutdown...
[[0;32m  OK  [0m] Started System Logging Service.
[[0;32m  OK  [0m] Started Login Service.
[[0;32m  OK  [0m] Started Unattended Upgrades Shutdown.
[[0;32m  OK  [0m] Started Permit User Sessions.
         Starting Terminate Plymouth Boot Screen...
         Starting Hold until boot process finishes up...
[[0;32m  OK  [0m] Started Terminate Plymouth Boot Screen.
[[0;32m  OK  [0m] Started Hold until boot process finishes up.
[[0;32m  OK  [0m] Started LSB: automatic crash report generation.
[[0;32m  OK  [0m] Started Serial Getty on ttyS0.
         Starting Set console scheme...
[[0;32m  OK  [0m] Started Set console scheme.
[[0;32m  OK  [0m] Created slice system-getty.slice.
[[0;32m  OK  [0m] Started Getty on tty1.
[[0;32m  OK  [0m] Reached target Login Prompts.
[[0;32m  OK  [0m] Started LSB: Record successful boot for GRUB.
[[0;32m  OK  [0m] Started Dispatcher daemon for systemd-networkd.
         Starting Authorization Manager...
[[0;32m  OK  [0m] Started Virtualbox guest utils.
[[0;32m  OK  [0m] Started OpenBSD Secure Shell server.
[[0;32m  OK  [0m] Started Authorization Manager.
[[0;32m  OK  [0m] Started Accounts Service.
[[0;32m  OK  [0m] Created slice User Slice of vagrant.
         Starting User Manager for UID 1000...
[[0;32m  OK  [0m] Started Session 1 of user vagrant.
[[0;32m  OK  [0m] Started The Apache HTTP Server.
[[0;32m  OK  [0m] Started LXD - container startup/shutdown.
[[0;32m  OK  [0m] Started User Manager for UID 1000.

Ubuntu 18.04.3 LTS ubuntu-bionic ttyS0

ubuntu-bionic login: [   56.913159] cloud-init[1450]: Cloud-init v. 19.3-41-gc4735dd3-0ubuntu1~18.04.1 running 'modules:config' at Wed, 01 Jan 2020 21:08:38 +0000. Up 56.76 seconds.
[   57.365707] cloud-init[1500]: Cloud-init v. 19.3-41-gc4735dd3-0ubuntu1~18.04.1 running 'modules:final' at Wed, 01 Jan 2020 21:08:39 +0000. Up 57.25 seconds.
[   57.365985] cloud-init[1500]: Cloud-init v. 19.3-41-gc4735dd3-0ubuntu1~18.04.1 finished at Wed, 01 Jan 2020 21:08:39 +0000. Datasource DataSourceNoCloud [seed=/dev/sdb][dsmode=net].  Up 57.35 seconds
         Stopping Sessn[[0;32m  OK  [0m] Unmounted /var/lib/lxcfs.
[[0;32m  OK  [0m] Stopped irqbalance daemon.
[[0;32m  OK  [0m] Stopped Deferred execution scheduler.
[[0;32m  OK  [0m] Stopped System Logging Service.
[[0;32m  OK  [0m] Stopped Dispatcher daemon for systemd-networkd.
[[0;32m  OK  [0m] Stopped Regular background program processing daemon.
[[0;32m  OK  [0m] Stopped Accounts Service.
[[0;32m  OK  [0m] Stopped Unattended Upgrades Shutdown.
[[0;32m  OK  [0m] Stopped Serial Getty on ttyS0.
[[0;32m  OK  [0m] Stopped Getty on tty1.
[[0;32m  OK  [0m] Stopped Authorization Manager.
[[0;32m  OK  [0m] Stopped OpenBSD Secure Shell server.
[[0;32m  OK  [0m] Stopped User Manager for UID 1000.
[[0;32m  OK  [0m] Stopped Availability of block devices.
[[0;32m  OK  [0m] Stopped D-Bus System Message Bus.
[[0;32m  OK  [0m] Stopped The Apache HTTP Server.
[[0;32m  OK  [0m] Stopped FUSE filesystem for LXC.
[[0;32m  OK  [0m] Stopped Session 7 of user vagrant.
[[0;32m  OK  [0m] Stopped target Host and Network Name Lookups.
[[0;32m  OK  [0m] Removed slice User Slice of vagrant.
[[0;32m  OK  [0m] Removed slice system-getty.slice.
         Stopping Permit User Sessions...
[[0;32m  OK  [0m] Removed slice system-serial\x2dgetty.slice.
         Stopping Login Service...
[[0;32m  OK  [0m] Stopped Permit User Sessions.
[[0;32m  OK  [0m] Stopped target Network.
         Stopping Network Name Resolution...
[[0;32m  OK  [0m] Stopped Network Name Resolution.
[[0;32m  OK  [0m] Stopped Login Service.
[[0;32m  OK  [0m] Stopped LSB: Record successful boot for GRUB.
[[0;32m  OK  [0m] Stopped Virtualbox guest utils.
[[0;32m  OK  [0m] Stopped LSB: automatic crash report generation.
[[0;32m  OK  [0m] Stopped LXD - container startup/shutdown.
[[0;32m  OK  [0m] Stopped target Remote File Systems.
[[0;32m  OK  [0m] Stopped target Remote File Systems (Pre).
[[0;32m  OK  [0m] Stopped target User and Group Name Lookups.
[[0;32m  OK  [0m] Stopped target Basic System.
[[0;32m  OK  [0m] Stopped target Paths.
[[0;32m  OK  [0m] Stopped ACPI Events Check.
[[0;32m  OK  [0m] Stopped target Sockets.
[[0;32m  OK  [0m] Closed LXD - unix socket.
[[0;32m  OK  [0m] Closed UUID daemon activation socket.
[[0;32m  OK  [0m] Closed Socket activation for snappy daemon.
[[0;32m  OK  [0m] Closed D-Bus System Message Bus Socket.
[[0;32m  OK  [0m] Closed Open-iSCSI iscsid Socket.
[[0;32m  OK  [0m] Closed Syslog Socket.
[[0;32m  OK  [0m] Closed ACPID Listen Socket.
[[0;32m  OK  [0m] Stopped target Slices.
[[0;32m  OK  [0m] Stopped target System Initialization.
[[0;32m  OK  [0m] Stopped target Local Encrypted Volumes.
[[0;32m  OK  [0m] Stopped Dispatch Password Requests to Console Directory Watch.
[[0;32m  OK  [0m] Stopped Forward Password Requests to Wall Directory Watch.
[[0;32m  OK  [0m] Stopped Initial cloud-init job (metadata service crawler).
[[0;32m  OK  [0m] Stopped Wait for Network to be Configured.
         Stopping Update UTMP about System Boot/Shutdown...
         Stopping Load/Save Random Seed...
[[0;32m  OK  [0m] Removed slice User and Session Slice.
         Stopping Network Service...
[[0;32m  OK  [0m] Stopped Load/Save Random Seed.
[[0;32m  OK  [0m] Stopped Update UTMP about System Boot/Shutdown.
[[0;32m  OK  [0m] Stopped Create Volatile Files and Directories.
[[0;32m  OK  [0m] Stopped target Local File Systems.
         Unmounting /run/user/1000...
         Unmounting /vagrant...
[[0;32m  OK  [0m] Stopped Network Service.
[[0;32m  OK  [0m] Unmounted /run/user/1000.
[[0;32m  OK  [0m] Unmounted /vagrant.
[[0;32m  OK  [0m] Reached target Unmount All Filesystems.
[[0;32m  OK  [0m] Stopped target Local File Systems (Pre).
         Stopping Monitoring of LVM2 mirrors…ng dmeventd or progress polling...
[[0;32m  OK  [0m] Stopped Create Static Device Nodes in /dev.
[[0;32m  OK  [0m] Stopped target Swap.
[[0;32m  OK  [0m] Stopped Apply Kernel Variables.
[[0;32m  OK  [0m] Stopped Load Kernel Modules.
[[0;32m  OK  [0m] Stopped target Network (Pre).
[[0;32m  OK  [0m] Stopped Initial cloud-init job (pre-networking).
[[0;32m  OK  [0m] Stopped Remount Root and Kernel File Systems.
[[0;32m  OK  [0m] Reached target Shutdown.
[[0;32m  OK  [0m] Reached target Final Step.
         Starting Power-Off...
[[0;32m  OK  [0m] Stopped Monitoring of LVM2 mirrors,…sing dmeventd or progress polling.
         Stopping LVM2 metadata daemon...
[[0;32m  OK  [0m] Stopped LVM2 metadata daemon.
[ 1164.280832] reboot: Power down
